<?xml version="1.0" encoding="UTF-8"?>
<testng-results skipped="0" failed="0" total="1" passed="1">
  <reporter-output>
  </reporter-output>
  <suite name="Default suite" duration-ms="40398" started-at="2014-10-22T20:00:35Z" finished-at="2014-10-22T20:01:15Z">
    <groups>
    </groups>
    <test name="Default test" duration-ms="40398" started-at="2014-10-22T20:00:35Z" finished-at="2014-10-22T20:01:15Z">
      <class name="com.kaplan.API.TestOrchestrator">
        <test-method status="PASS" signature="initialize()[pri:0, instance:com.kaplan.API.TestOrchestrator@6a3d899a]" name="initialize" is-config="true" duration-ms="176" started-at="2014-10-22T16:00:35Z" finished-at="2014-10-22T16:00:35Z">
          <reporter-output>
          </reporter-output>
        </test-method> <!-- initialize -->
        <test-method status="PASS" signature="startTesting()[pri:0, instance:com.kaplan.API.TestOrchestrator@6a3d899a]" name="startTesting" is-config="true" duration-ms="45" started-at="2014-10-22T16:00:35Z" finished-at="2014-10-22T16:00:35Z">
          <reporter-output>
          </reporter-output>
        </test-method> <!-- startTesting -->
        <test-method status="PASS" signature="testApi()[pri:0, instance:com.kaplan.API.TestOrchestrator@6a3d899a]" name="testApi" duration-ms="40311" started-at="2014-10-22T16:00:35Z" finished-at="2014-10-22T16:01:15Z">
          <reporter-output>
          </reporter-output>
        </test-method> <!-- testApi -->
        <test-method status="PASS" signature="endScript()[pri:0, instance:com.kaplan.API.TestOrchestrator@6a3d899a]" name="endScript" is-config="true" duration-ms="27" started-at="2014-10-22T16:01:15Z" finished-at="2014-10-22T16:01:15Z">
          <reporter-output>
          </reporter-output>
        </test-method> <!-- endScript -->
      </class> <!-- com.kaplan.API.TestOrchestrator -->
    </test> <!-- Default test -->
  </suite> <!-- Default suite -->
</testng-results>
